              :-) GROMACS - gmx mdrun, 2020.1-Ubuntu-2020.1-1 (-:

                            GROMACS is written by:
     Emile Apol      Rossen Apostolov      Paul Bauer     Herman J.C. Berendsen
    Par Bjelkmar      Christian Blau   Viacheslav Bolnykh     Kevin Boyd    
 Aldert van Buuren   Rudi van Drunen     Anton Feenstra       Alan Gray     
  Gerrit Groenhof     Anca Hamuraru    Vincent Hindriksen  M. Eric Irrgang  
  Aleksei Iupinov   Christoph Junghans     Joe Jordan     Dimitrios Karkoulis
    Peter Kasson        Jiri Kraus      Carsten Kutzner      Per Larsson    
  Justin A. Lemkul    Viveca Lindahl    Magnus Lundborg     Erik Marklund   
    Pascal Merz     Pieter Meulenhoff    Teemu Murtola       Szilard Pall   
    Sander Pronk      Roland Schulz      Michael Shirts    Alexey Shvetsov  
   Alfons Sijbers     Peter Tieleman      Jon Vincent      Teemu Virolainen 
 Christian Wennberg    Maarten Wolf      Artem Zhmurov   
                           and the project leaders:
        Mark Abraham, Berk Hess, Erik Lindahl, and David van der Spoel

Copyright (c) 1991-2000, University of Groningen, The Netherlands.
Copyright (c) 2001-2019, The GROMACS development team at
Uppsala University, Stockholm University and
the Royal Institute of Technology, Sweden.
check out http://www.gromacs.org for more information.

GROMACS is free software; you can redistribute it and/or modify it
under the terms of the GNU Lesser General Public License
as published by the Free Software Foundation; either version 2.1
of the License, or (at your option) any later version.

GROMACS:      gmx mdrun, version 2020.1-Ubuntu-2020.1-1
Executable:   /usr/bin/gmx
Data prefix:  /usr
Working dir:  /home/valeria/Documents/programacion/signac/evaluacion_ff_npt/workspace/182dbe7b2fbaf2172d9415110ae6c1f0
Process ID:   11153
Command line:
  gmx mdrun -v -deffnm file -c final.gro

GROMACS version:    2020.1-Ubuntu-2020.1-1
Precision:          single
Memory model:       64 bit
MPI library:        thread_mpi
OpenMP support:     enabled (GMX_OPENMP_MAX_THREADS = 64)
GPU support:        disabled
SIMD instructions:  SSE2
FFT library:        fftw-3.3.8-sse2-avx
RDTSCP usage:       disabled
TNG support:        enabled
Hwloc support:      hwloc-2.1.0
Tracing support:    disabled
C compiler:         /usr/bin/cc GNU 9.3.0
C compiler flags:   -msse2 -fexcess-precision=fast -funroll-all-loops
C++ compiler:       /usr/bin/c++ GNU 9.3.0
C++ compiler flags: -msse2 -fexcess-precision=fast -funroll-all-loops -fopenmp


Running on 1 node with total 2 cores, 4 logical cores
Hardware detected:
  CPU info:
    Vendor: Intel
    Brand:  Intel(R) Core(TM) i5-6200U CPU @ 2.30GHz
    Family: 6   Model: 78   Stepping: 3
    Features: aes apic avx avx2 clfsh cmov cx8 cx16 f16c fma htt intel lahf mmx msr nonstop_tsc pcid pclmuldq pdcm pdpe1gb popcnt pse rdrnd rdtscp sse2 sse3 sse4.1 sse4.2 ssse3 tdt x2apic
  Hardware topology: Full, with devices
    Sockets, cores, and logical processors:
      Socket  0: [   0   2] [   1   3]
    Numa nodes:
      Node  0 (8196648960 bytes mem):   0   2   1   3
      Latency:
               0
         0  1.00
    Caches:
      L1: 32768 bytes, linesize 64 bytes, assoc. 8, shared 2 ways
      L2: 262144 bytes, linesize 64 bytes, assoc. 4, shared 2 ways
      L3: 3145728 bytes, linesize 64 bytes, assoc. 12, shared 4 ways
    PCI devices:
      0000:00:02.0  Id: 8086:1916  Class: 0x0300  Numa: 0
      0000:00:17.0  Id: 8086:9d03  Class: 0x0106  Numa: 0
      0000:01:00.0  Id: 10de:134f  Class: 0x0302  Numa: 0
      0000:02:00.0  Id: 10ec:8168  Class: 0x0200  Numa: 0
      0000:03:00.0  Id: 168c:0036  Class: 0x0280  Numa: 0

Highest SIMD level requested by all nodes in run: AVX2_256
SIMD instructions selected at compile time:       SSE2
This program was compiled for different hardware than you are running on,
which could influence performance.
The current CPU can measure timings more accurately than the code in
gmx mdrun was configured to use. This might affect your simulation
speed as accurate timings are needed for load-balancing.
Please consider rebuilding gmx mdrun with the GMX_USE_RDTSCP=ON CMake option.

++++ PLEASE READ AND CITE THE FOLLOWING REFERENCE ++++
M. J. Abraham, T. Murtola, R. Schulz, S. Páll, J. C. Smith, B. Hess, E.
Lindahl
GROMACS: High performance molecular simulations through multi-level
parallelism from laptops to supercomputers
SoftwareX 1 (2015) pp. 19-25
-------- -------- --- Thank You --- -------- --------


++++ PLEASE READ AND CITE THE FOLLOWING REFERENCE ++++
S. Páll, M. J. Abraham, C. Kutzner, B. Hess, E. Lindahl
Tackling Exascale Software Challenges in Molecular Dynamics Simulations with
GROMACS
In S. Markidis & E. Laure (Eds.), Solving Software Challenges for Exascale 8759 (2015) pp. 3-27
-------- -------- --- Thank You --- -------- --------


++++ PLEASE READ AND CITE THE FOLLOWING REFERENCE ++++
S. Pronk, S. Páll, R. Schulz, P. Larsson, P. Bjelkmar, R. Apostolov, M. R.
Shirts, J. C. Smith, P. M. Kasson, D. van der Spoel, B. Hess, and E. Lindahl
GROMACS 4.5: a high-throughput and highly parallel open source molecular
simulation toolkit
Bioinformatics 29 (2013) pp. 845-54
-------- -------- --- Thank You --- -------- --------


++++ PLEASE READ AND CITE THE FOLLOWING REFERENCE ++++
B. Hess and C. Kutzner and D. van der Spoel and E. Lindahl
GROMACS 4: Algorithms for highly efficient, load-balanced, and scalable
molecular simulation
J. Chem. Theory Comput. 4 (2008) pp. 435-447
-------- -------- --- Thank You --- -------- --------


++++ PLEASE READ AND CITE THE FOLLOWING REFERENCE ++++
D. van der Spoel, E. Lindahl, B. Hess, G. Groenhof, A. E. Mark and H. J. C.
Berendsen
GROMACS: Fast, Flexible and Free
J. Comp. Chem. 26 (2005) pp. 1701-1719
-------- -------- --- Thank You --- -------- --------


++++ PLEASE READ AND CITE THE FOLLOWING REFERENCE ++++
E. Lindahl and B. Hess and D. van der Spoel
GROMACS 3.0: A package for molecular simulation and trajectory analysis
J. Mol. Mod. 7 (2001) pp. 306-317
-------- -------- --- Thank You --- -------- --------


++++ PLEASE READ AND CITE THE FOLLOWING REFERENCE ++++
H. J. C. Berendsen, D. van der Spoel and R. van Drunen
GROMACS: A message-passing parallel molecular dynamics implementation
Comp. Phys. Comm. 91 (1995) pp. 43-56
-------- -------- --- Thank You --- -------- --------

Input Parameters:
   integrator                     = md
   tinit                          = 0
   dt                             = 0.002
   nsteps                         = 1000
   init-step                      = 0
   simulation-part                = 1
   comm-mode                      = Linear
   nstcomm                        = 50
   bd-fric                        = 0
   ld-seed                        = 1993
   emtol                          = 10
   emstep                         = 0.01
   niter                          = 20
   fcstep                         = 0
   nstcgsteep                     = 1000
   nbfgscorr                      = 10
   rtpi                           = 0.05
   nstxout                        = 50
   nstvout                        = 0
   nstfout                        = 0
   nstlog                         = 50
   nstcalcenergy                  = 50
   nstenergy                      = 50
   nstxout-compressed             = 0
   compressed-x-precision         = 1000
   cutoff-scheme                  = Verlet
   nstlist                        = 10
   pbc                            = xyz
   periodic-molecules             = false
   verlet-buffer-tolerance        = 0.005
   rlist                          = 1.2
   coulombtype                    = PME
   coulomb-modifier               = Potential-shift
   rcoulomb-switch                = 0
   rcoulomb                       = 1.2
   epsilon-r                      = 1
   epsilon-rf                     = 1
   vdw-type                       = Cut-off
   vdw-modifier                   = Potential-shift
   rvdw-switch                    = 0
   rvdw                           = 1.2
   DispCorr                       = EnerPres
   table-extension                = 1
   fourierspacing                 = 0.12
   fourier-nx                     = 28
   fourier-ny                     = 28
   fourier-nz                     = 28
   pme-order                      = 4
   ewald-rtol                     = 1e-06
   ewald-rtol-lj                  = 0.001
   lj-pme-comb-rule               = Geometric
   ewald-geometry                 = 0
   epsilon-surface                = 0
   tcoupl                         = Nose-Hoover
   nsttcouple                     = 10
   nh-chain-length                = 1
   print-nose-hoover-chain-variables = false
   pcoupl                         = Parrinello-Rahman
   pcoupltype                     = Isotropic
   nstpcouple                     = 10
   tau-p                          = 1
   compressibility (3x3):
      compressibility[    0]={ 5.00000e-05,  0.00000e+00,  0.00000e+00}
      compressibility[    1]={ 0.00000e+00,  5.00000e-05,  0.00000e+00}
      compressibility[    2]={ 0.00000e+00,  0.00000e+00,  5.00000e-05}
   ref-p (3x3):
      ref-p[    0]={ 1.00000e+00,  0.00000e+00,  0.00000e+00}
      ref-p[    1]={ 0.00000e+00,  1.00000e+00,  0.00000e+00}
      ref-p[    2]={ 0.00000e+00,  0.00000e+00,  1.00000e+00}
   refcoord-scaling               = No
   posres-com (3):
      posres-com[0]= 0.00000e+00
      posres-com[1]= 0.00000e+00
      posres-com[2]= 0.00000e+00
   posres-comB (3):
      posres-comB[0]= 0.00000e+00
      posres-comB[1]= 0.00000e+00
      posres-comB[2]= 0.00000e+00
   QMMM                           = false
   QMconstraints                  = 0
   QMMMscheme                     = 0
   MMChargeScaleFactor            = 1
qm-opts:
   ngQM                           = 0
   constraint-algorithm           = Lincs
   continuation                   = false
   Shake-SOR                      = false
   shake-tol                      = 0.0001
   lincs-order                    = 4
   lincs-iter                     = 1
   lincs-warnangle                = 30
   nwall                          = 0
   wall-type                      = 9-3
   wall-r-linpot                  = -1
   wall-atomtype[0]               = -1
   wall-atomtype[1]               = -1
   wall-density[0]                = 0
   wall-density[1]                = 0
   wall-ewald-zfac                = 3
   pull                           = false
   awh                            = false
   rotation                       = false
   interactiveMD                  = false
   disre                          = No
   disre-weighting                = Conservative
   disre-mixed                    = false
   dr-fc                          = 1000
   dr-tau                         = 0
   nstdisreout                    = 100
   orire-fc                       = 0
   orire-tau                      = 0
   nstorireout                    = 100
   free-energy                    = no
   cos-acceleration               = 0
   deform (3x3):
      deform[    0]={ 0.00000e+00,  0.00000e+00,  0.00000e+00}
      deform[    1]={ 0.00000e+00,  0.00000e+00,  0.00000e+00}
      deform[    2]={ 0.00000e+00,  0.00000e+00,  0.00000e+00}
   simulated-tempering            = false
   swapcoords                     = no
   userint1                       = 0
   userint2                       = 0
   userint3                       = 0
   userint4                       = 0
   userreal1                      = 0
   userreal2                      = 0
   userreal3                      = 0
   userreal4                      = 0
   applied-forces:
     electric-field:
       x:
         E0                       = 0
         omega                    = 0
         t0                       = 0
         sigma                    = 0
       y:
         E0                       = 0
         omega                    = 0
         t0                       = 0
         sigma                    = 0
       z:
         E0                       = 0
         omega                    = 0
         t0                       = 0
         sigma                    = 0
     density-guided-simulation:
       active                     = false
       group                      = protein
       similarity-measure         = inner-product
       atom-spreading-weight      = unity
       force-constant             = 1e+09
       gaussian-transform-spreading-width = 0.2
       gaussian-transform-spreading-range-in-multiples-of-width = 4
       reference-density-filename = reference.mrc
       nst                        = 1
       normalize-densities        = true
       adaptive-force-scaling     = false
       adaptive-force-scaling-time-constant = 4
grpopts:
   nrdf:        6497
   ref-t:         298
   tau-t:         0.5
annealing:          No
annealing-npoints:           0
   acc:	           0           0           0
   nfreeze:           N           N           N
   energygrp-flags[  0]: 0

Changing nstlist from 10 to 100, rlist from 1.2 to 1.2


Using 1 MPI thread

Non-default thread affinity set, disabling internal thread affinity

Using 4 OpenMP threads 

System total charge: 0.000
Will do PME sum in reciprocal space for electrostatic interactions.

++++ PLEASE READ AND CITE THE FOLLOWING REFERENCE ++++
U. Essmann, L. Perera, M. L. Berkowitz, T. Darden, H. Lee and L. G. Pedersen 
A smooth particle mesh Ewald method
J. Chem. Phys. 103 (1995) pp. 8577-8592
-------- -------- --- Thank You --- -------- --------

Using a Gaussian width (1/beta) of 0.34693 nm for Ewald
Potential shift: LJ r^-12: -1.122e-01 r^-6: -3.349e-01, Ewald -8.333e-07
Initialized non-bonded Coulomb Ewald tables, spacing: 9.71e-04 size: 1237

Generated table with 1100 data points for 1-4 COUL.
Tabscale = 500 points/nm
Generated table with 1100 data points for 1-4 LJ6.
Tabscale = 500 points/nm
Generated table with 1100 data points for 1-4 LJ12.
Tabscale = 500 points/nm

Using SIMD 4x4 nonbonded short-range kernels

Using a 4x4 pair-list setup:
  updated every 100 steps, buffer 0.000 nm, rlist 1.200 nm
At tolerance 0.005 kJ/mol/ps per atom, equivalent classical 1x1 list would be:
  updated every 100 steps, buffer 0.125 nm, rlist 1.325 nm

Using Lorentz-Berthelot Lennard-Jones combination rule

Long Range LJ corr.: <C6> 4.7802e-04

Removing pbc first time

Initializing LINear Constraint Solver

++++ PLEASE READ AND CITE THE FOLLOWING REFERENCE ++++
B. Hess and H. Bekker and H. J. C. Berendsen and J. G. E. M. Fraaije
LINCS: A Linear Constraint Solver for molecular simulations
J. Comp. Chem. 18 (1997) pp. 1463-1472
-------- -------- --- Thank You --- -------- --------

The number of constraints is 2500
There are: 3000 Atoms

Constraining the starting coordinates (step 0)

Constraining the coordinates at t0-dt (step 0)
Center of mass motion removal mode is Linear
We have the following groups for center of mass motion removal:
  0:  rest
RMS relative constraint deviation after constraining: 2.95e-06
Initial temperature: 302.579 K

Started mdrun on rank 0 Mon Aug 22 16:44:27 2022

           Step           Time
              0        0.00000

   Energies (kJ/mol)
          Angle Ryckaert-Bell.          LJ-14     Coulomb-14        LJ (SR)
    3.62285e+03    7.13821e+02    0.00000e+00    1.32693e+04   -3.85465e+03
  Disper. corr.   Coulomb (SR)   Coul. recip.      Potential    Kinetic En.
   -2.83399e+02   -1.00343e+04    3.02675e+02    3.73631e+03    8.18928e+03
   Total Energy  Conserved En.    Temperature Pres. DC (bar) Pressure (bar)
    1.19256e+04    1.19278e+04    3.03200e+02   -1.28100e+02   -3.83205e+02
   Constr. rmsd
    2.99654e-06

           Step           Time
             50        0.10000

   Energies (kJ/mol)
          Angle Ryckaert-Bell.          LJ-14     Coulomb-14        LJ (SR)
    3.56599e+03    7.28890e+02    0.00000e+00    1.32766e+04   -3.80023e+03
  Disper. corr.   Coulomb (SR)   Coul. recip.      Potential    Kinetic En.
   -2.84535e+02   -1.00320e+04    2.77932e+02    3.73268e+03    8.06610e+03
   Total Energy  Conserved En.    Temperature Pres. DC (bar) Pressure (bar)
    1.17988e+04    1.19159e+04    2.98639e+02   -1.29128e+02   -9.24716e+01
   Constr. rmsd
    2.94186e-06

           Step           Time
            100        0.20000

   Energies (kJ/mol)
          Angle Ryckaert-Bell.          LJ-14     Coulomb-14        LJ (SR)
    3.64235e+03    6.58752e+02    0.00000e+00    1.33057e+04   -3.74171e+03
  Disper. corr.   Coulomb (SR)   Coul. recip.      Potential    Kinetic En.
   -2.86049e+02   -1.01108e+04    2.87689e+02    3.75599e+03    7.98415e+03
   Total Energy  Conserved En.    Temperature Pres. DC (bar) Pressure (bar)
    1.17401e+04    1.19233e+04    2.95605e+02   -1.30505e+02    1.87638e+02
   Constr. rmsd
    2.75044e-06

           Step           Time
            150        0.30000

   Energies (kJ/mol)
          Angle Ryckaert-Bell.          LJ-14     Coulomb-14        LJ (SR)
    3.59914e+03    7.00937e+02    0.00000e+00    1.32783e+04   -3.67227e+03
  Disper. corr.   Coulomb (SR)   Coul. recip.      Potential    Kinetic En.
   -2.86494e+02   -1.02555e+04    3.00964e+02    3.66507e+03    8.07194e+03
   Total Energy  Conserved En.    Temperature Pres. DC (bar) Pressure (bar)
    1.17370e+04    1.19278e+04    2.98855e+02   -1.30911e+02    3.43266e+02
   Constr. rmsd
    3.01912e-06

           Step           Time
            200        0.40000

   Energies (kJ/mol)
          Angle Ryckaert-Bell.          LJ-14     Coulomb-14        LJ (SR)
    3.62878e+03    6.57733e+02    0.00000e+00    1.32831e+04   -3.77225e+03
  Disper. corr.   Coulomb (SR)   Coul. recip.      Potential    Kinetic En.
   -2.85730e+02   -1.02600e+04    3.45276e+02    3.59691e+03    8.09180e+03
   Total Energy  Conserved En.    Temperature Pres. DC (bar) Pressure (bar)
    1.16887e+04    1.19215e+04    2.99590e+02   -1.30215e+02    2.30187e+01
   Constr. rmsd
    2.99708e-06

           Step           Time
            250        0.50000

   Energies (kJ/mol)
          Angle Ryckaert-Bell.          LJ-14     Coulomb-14        LJ (SR)
    3.52557e+03    6.80720e+02    0.00000e+00    1.32813e+04   -3.77337e+03
  Disper. corr.   Coulomb (SR)   Coul. recip.      Potential    Kinetic En.
   -2.84428e+02   -1.01706e+04    3.32212e+02    3.59142e+03    8.14835e+03
   Total Energy  Conserved En.    Temperature Pres. DC (bar) Pressure (bar)
    1.17398e+04    1.19396e+04    3.01684e+02   -1.29032e+02    1.42373e+02
   Constr. rmsd
    2.94803e-06

           Step           Time
            300        0.60000

   Energies (kJ/mol)
          Angle Ryckaert-Bell.          LJ-14     Coulomb-14        LJ (SR)
    3.55992e+03    6.57992e+02    0.00000e+00    1.32704e+04   -3.57723e+03
  Disper. corr.   Coulomb (SR)   Coul. recip.      Potential    Kinetic En.
   -2.83000e+02   -1.03088e+04    3.34077e+02    3.65327e+03    8.10114e+03
   Total Energy  Conserved En.    Temperature Pres. DC (bar) Pressure (bar)
    1.17544e+04    1.19153e+04    2.99936e+02   -1.27740e+02    2.66198e+02
   Constr. rmsd
    2.91399e-06

           Step           Time
            350        0.70000

   Energies (kJ/mol)
          Angle Ryckaert-Bell.          LJ-14     Coulomb-14        LJ (SR)
    3.69727e+03    6.64313e+02    0.00000e+00    1.32791e+04   -3.78555e+03
  Disper. corr.   Coulomb (SR)   Coul. recip.      Potential    Kinetic En.
   -2.81702e+02   -1.00878e+04    3.11629e+02    3.79736e+03    7.95686e+03
   Total Energy  Conserved En.    Temperature Pres. DC (bar) Pressure (bar)
    1.17542e+04    1.19321e+04    2.94594e+02   -1.26572e+02   -4.75924e+02
   Constr. rmsd
    2.92387e-06

           Step           Time
            400        0.80000

   Energies (kJ/mol)
          Angle Ryckaert-Bell.          LJ-14     Coulomb-14        LJ (SR)
    3.67663e+03    6.43682e+02    0.00000e+00    1.32767e+04   -3.71180e+03
  Disper. corr.   Coulomb (SR)   Coul. recip.      Potential    Kinetic En.
   -2.81977e+02   -1.01919e+04    3.26546e+02    3.73786e+03    8.15713e+03
   Total Energy  Conserved En.    Temperature Pres. DC (bar) Pressure (bar)
    1.18950e+04    1.19337e+04    3.02009e+02   -1.26819e+02   -1.88304e+02
   Constr. rmsd
    3.26467e-06

           Step           Time
            450        0.90000

   Energies (kJ/mol)
          Angle Ryckaert-Bell.          LJ-14     Coulomb-14        LJ (SR)
    3.65792e+03    6.26781e+02    0.00000e+00    1.32653e+04   -3.79219e+03
  Disper. corr.   Coulomb (SR)   Coul. recip.      Potential    Kinetic En.
   -2.83289e+02   -1.01759e+04    3.06574e+02    3.60518e+03    8.16748e+03
   Total Energy  Conserved En.    Temperature Pres. DC (bar) Pressure (bar)
    1.17727e+04    1.18888e+04    3.02393e+02   -1.28001e+02   -1.88797e+02
   Constr. rmsd
    2.93318e-06

           Step           Time
            500        1.00000

   Energies (kJ/mol)
          Angle Ryckaert-Bell.          LJ-14     Coulomb-14        LJ (SR)
    3.65642e+03    6.77048e+02    0.00000e+00    1.32788e+04   -3.80903e+03
  Disper. corr.   Coulomb (SR)   Coul. recip.      Potential    Kinetic En.
   -2.85652e+02   -1.02531e+04    3.04516e+02    3.56904e+03    7.86160e+03
   Total Energy  Conserved En.    Temperature Pres. DC (bar) Pressure (bar)
    1.14306e+04    1.19101e+04    2.91067e+02   -1.30143e+02   -2.02194e+02
   Constr. rmsd
    2.89260e-06

           Step           Time
            550        1.10000

   Energies (kJ/mol)
          Angle Ryckaert-Bell.          LJ-14     Coulomb-14        LJ (SR)
    3.56123e+03    6.20738e+02    0.00000e+00    1.32791e+04   -3.67367e+03
  Disper. corr.   Coulomb (SR)   Coul. recip.      Potential    Kinetic En.
   -2.88381e+02   -1.06205e+04    2.86876e+02    3.16542e+03    8.16319e+03
   Total Energy  Conserved En.    Temperature Pres. DC (bar) Pressure (bar)
    1.13286e+04    1.19122e+04    3.02234e+02   -1.32640e+02    1.27624e+02
   Constr. rmsd
    3.17113e-06

           Step           Time
            600        1.20000

   Energies (kJ/mol)
          Angle Ryckaert-Bell.          LJ-14     Coulomb-14        LJ (SR)
    3.53323e+03    6.95314e+02    0.00000e+00    1.32938e+04   -3.71837e+03
  Disper. corr.   Coulomb (SR)   Coul. recip.      Potential    Kinetic En.
   -2.89482e+02   -1.04323e+04    2.79614e+02    3.36175e+03    7.84124e+03
   Total Energy  Conserved En.    Temperature Pres. DC (bar) Pressure (bar)
    1.12030e+04    1.19298e+04    2.90314e+02   -1.33654e+02    5.06391e+02
   Constr. rmsd
    2.81221e-06

           Step           Time
            650        1.30000

   Energies (kJ/mol)
          Angle Ryckaert-Bell.          LJ-14     Coulomb-14        LJ (SR)
    3.64905e+03    6.10117e+02    0.00000e+00    1.32926e+04   -3.85535e+03
  Disper. corr.   Coulomb (SR)   Coul. recip.      Potential    Kinetic En.
   -2.88629e+02   -1.01704e+04    2.89328e+02    3.52664e+03    7.98584e+03
   Total Energy  Conserved En.    Temperature Pres. DC (bar) Pressure (bar)
    1.15125e+04    1.19735e+04    2.95668e+02   -1.32868e+02    3.13485e+02
   Constr. rmsd
    2.82151e-06

           Step           Time
            700        1.40000

   Energies (kJ/mol)
          Angle Ryckaert-Bell.          LJ-14     Coulomb-14        LJ (SR)
    3.71739e+03    6.73123e+02    0.00000e+00    1.33052e+04   -3.68524e+03
  Disper. corr.   Coulomb (SR)   Coul. recip.      Potential    Kinetic En.
   -2.87046e+02   -1.02854e+04    3.17313e+02    3.75527e+03    8.15424e+03
   Total Energy  Conserved En.    Temperature Pres. DC (bar) Pressure (bar)
    1.19095e+04    1.19586e+04    3.01902e+02   -1.31416e+02    6.73162e+02
   Constr. rmsd
    3.11322e-06

           Step           Time
            750        1.50000

   Energies (kJ/mol)
          Angle Ryckaert-Bell.          LJ-14     Coulomb-14        LJ (SR)
    3.71140e+03    6.21015e+02    0.00000e+00    1.32953e+04   -3.85254e+03
  Disper. corr.   Coulomb (SR)   Coul. recip.      Potential    Kinetic En.
   -2.83861e+02   -1.01048e+04    3.02712e+02    3.68918e+03    8.21089e+03
   Total Energy  Conserved En.    Temperature Pres. DC (bar) Pressure (bar)
    1.19001e+04    1.19092e+04    3.04000e+02   -1.28518e+02   -2.58723e+02
   Constr. rmsd
    3.14134e-06

           Step           Time
            800        1.60000

   Energies (kJ/mol)
          Angle Ryckaert-Bell.          LJ-14     Coulomb-14        LJ (SR)
    3.70700e+03    6.32357e+02    0.00000e+00    1.33054e+04   -3.81279e+03
  Disper. corr.   Coulomb (SR)   Coul. recip.      Potential    Kinetic En.
   -2.81313e+02   -1.01165e+04    3.02398e+02    3.73648e+03    7.91814e+03
   Total Energy  Conserved En.    Temperature Pres. DC (bar) Pressure (bar)
    1.16546e+04    1.19177e+04    2.93161e+02   -1.26223e+02   -2.92123e+02
   Constr. rmsd
    2.87051e-06

           Step           Time
            850        1.70000

   Energies (kJ/mol)
          Angle Ryckaert-Bell.          LJ-14     Coulomb-14        LJ (SR)
    3.49635e+03    6.27744e+02    0.00000e+00    1.32919e+04   -3.66347e+03
  Disper. corr.   Coulomb (SR)   Coul. recip.      Potential    Kinetic En.
   -2.80516e+02   -1.04396e+04    3.12424e+02    3.34483e+03    8.24504e+03
   Total Energy  Conserved En.    Temperature Pres. DC (bar) Pressure (bar)
    1.15899e+04    1.19073e+04    3.05264e+02   -1.25509e+02   -5.55065e+01
   Constr. rmsd
    3.20426e-06

           Step           Time
            900        1.80000

   Energies (kJ/mol)
          Angle Ryckaert-Bell.          LJ-14     Coulomb-14        LJ (SR)
    3.58606e+03    6.67811e+02    0.00000e+00    1.32851e+04   -3.73804e+03
  Disper. corr.   Coulomb (SR)   Coul. recip.      Potential    Kinetic En.
   -2.81191e+02   -1.03338e+04    3.03787e+02    3.48974e+03    7.93470e+03
   Total Energy  Conserved En.    Temperature Pres. DC (bar) Pressure (bar)
    1.14244e+04    1.19216e+04    2.93774e+02   -1.26114e+02   -3.06550e+02
   Constr. rmsd
    2.96466e-06

           Step           Time
            950        1.90000

   Energies (kJ/mol)
          Angle Ryckaert-Bell.          LJ-14     Coulomb-14        LJ (SR)
    3.73509e+03    6.42324e+02    0.00000e+00    1.32913e+04   -3.62621e+03
  Disper. corr.   Coulomb (SR)   Coul. recip.      Potential    Kinetic En.
   -2.83408e+02   -1.04528e+04    2.59354e+02    3.56570e+03    8.06342e+03
   Total Energy  Conserved En.    Temperature Pres. DC (bar) Pressure (bar)
    1.16291e+04    1.19688e+04    2.98540e+02   -1.28109e+02    9.28131e+01
   Constr. rmsd
    2.97916e-06

           Step           Time
           1000        2.00000

Writing checkpoint, step 1000 at Mon Aug 22 16:44:36 2022


   Energies (kJ/mol)
          Angle Ryckaert-Bell.          LJ-14     Coulomb-14        LJ (SR)
    3.60856e+03    6.47308e+02    0.00000e+00    1.32751e+04   -3.70757e+03
  Disper. corr.   Coulomb (SR)   Coul. recip.      Potential    Kinetic En.
   -2.85036e+02   -1.03257e+04    3.01453e+02    3.51414e+03    8.26709e+03
   Total Energy  Conserved En.    Temperature Pres. DC (bar) Pressure (bar)
    1.17812e+04    1.19175e+04    3.06081e+02   -1.29583e+02    1.61391e+02
   Constr. rmsd
    3.14774e-06


	<======  ###############  ==>
	<====  A V E R A G E S  ====>
	<==  ###############  ======>

	Statistics over 1001 steps using 21 frames

   Energies (kJ/mol)
          Angle Ryckaert-Bell.          LJ-14     Coulomb-14        LJ (SR)
    3.62563e+03    6.59453e+02    0.00000e+00    1.32847e+04   -3.74398e+03
  Disper. corr.   Coulomb (SR)   Coul. recip.      Potential    Kinetic En.
   -2.84530e+02   -1.02458e+04    3.04064e+02    3.59953e+03    8.07522e+03
   Total Energy  Conserved En.    Temperature Pres. DC (bar) Pressure (bar)
    1.16748e+04    1.19263e+04    2.98977e+02   -1.29133e+02    1.87410e+01
   Constr. rmsd
    0.00000e+00

          Box-X          Box-Y          Box-Z
    3.32088e+00    3.32088e+00    3.32088e+00

   Total Virial (kJ/mol)
    2.58618e+03    5.51240e+01   -9.73693e+01
    5.51233e+01    2.78726e+03   -8.53370e+01
   -9.73696e+01   -8.53368e+01    2.64592e+03

   Pressure (bar)
    8.41887e+01   -4.63136e+01    9.02593e+01
   -4.63130e+01   -8.72947e+01    8.79761e+01
    9.02595e+01    8.79758e+01    5.93292e+01


	M E G A - F L O P S   A C C O U N T I N G

 NB=Group-cutoff nonbonded kernels    NxN=N-by-N cluster Verlet kernels
 RF=Reaction-Field  VdW=Van der Waals  QSTab=quadratic-spline table
 W3=SPC/TIP3p  W4=TIP4p (single or pairs)
 V&F=Potential and force  V=Potential only  F=Force only

 Computing:                               M-Number         M-Flops  % Flops
-----------------------------------------------------------------------------
 Pair Search distance check              10.332284          92.991     0.1
 NxN QSTab Elec. + LJ [F]              1405.581072       57628.824    78.9
 NxN QSTab Elec. + LJ [V&F]              30.113496        1776.696     2.4
 NxN QSTab Elec. [F]                    144.943568        4928.081     6.7
 NxN QSTab Elec. [V&F]                    3.101224         127.150     0.2
 1,4 nonbonded interactions               1.501500         135.135     0.2
 Calc Weights                             9.009000         324.324     0.4
 Spread Q Bspline                       192.192000         384.384     0.5
 Gather F Bspline                       192.192000        1153.152     1.6
 3D-FFT                                 633.819186        5070.553     6.9
 Solve PME                                0.784784          50.226     0.1
 Shift-X                                  0.033000           0.198     0.0
 Angles                                   3.503500         588.588     0.8
 RB-Dihedrals                             1.501500         370.870     0.5
 Virial                                   0.307545           5.536     0.0
 Stop-CM                                  0.066000           0.660     0.0
 Calc-Ekin                                0.606000          16.362     0.0
 Lincs                                    2.507500         150.450     0.2
 Lincs-Mat                               42.126000         168.504     0.2
 Constraint-V                             5.010000          40.080     0.1
 Constraint-Vir                           0.252500           6.060     0.0
-----------------------------------------------------------------------------
 Total                                                   73018.825   100.0
-----------------------------------------------------------------------------


     R E A L   C Y C L E   A N D   T I M E   A C C O U N T I N G

On 1 MPI rank, each using 4 OpenMP threads

 Computing:          Num   Num      Call    Wall time         Giga-Cycles
                     Ranks Threads  Count      (s)         total sum    %
-----------------------------------------------------------------------------
 Neighbor search        1    4         11       0.087          0.836   1.0
 Force                  1    4       1001       3.647         35.009  41.1
 PME mesh               1    4       1001       2.229         21.397  25.1
 NB X/F buffer ops.     1    4       1991       0.774          7.428   8.7
 Write traj.            1    4         21       0.338          3.249   3.8
 Update                 1    4       1001       0.302          2.902   3.4
 Constraints            1    4       1003       1.549         14.868  17.5
-----------------------------------------------------------------------------
 Total                                          8.872         85.169 100.0
-----------------------------------------------------------------------------
 Breakdown of PME mesh computation
-----------------------------------------------------------------------------
 PME spread             1    4       1001       0.777          7.458   8.8
 PME gather             1    4       1001       0.733          7.035   8.3
 PME 3D-FFT             1    4       2002       0.588          5.646   6.6
 PME solve Elec         1    4       1001       0.030          0.292   0.3
-----------------------------------------------------------------------------

               Core t (s)   Wall t (s)        (%)
       Time:       35.487        8.872      400.0
                 (ns/day)    (hour/ns)
Performance:       19.497        1.231
Finished mdrun on rank 0 Mon Aug 22 16:44:36 2022

